#
# There is insufficient memory for the Java Runtime Environment to continue.
# Native memory allocation (malloc) failed to allocate 54160 bytes for Chunk::new
# Possible reasons:
#   The system is out of physical RAM or swap space
#   In 32 bit mode, the process size limit was hit
# Possible solutions:
#   Reduce memory load on the system
#   Increase physical memory or swap space
#   Check if swap backing store is full
#   Use 64 bit Java on a 64 bit OS
#   Decrease Java heap size (-Xmx/-Xms)
#   Decrease number of Java threads
#   Decrease Java thread stack sizes (-Xss)
#   Set larger code cache with -XX:ReservedCodeCacheSize=
# This output file may be truncated or incomplete.
#
#  Out of Memory Error (allocation.cpp:390), pid=8284, tid=0x00000000000004e0
#
# JRE version: OpenJDK Runtime Environment (8.0_152-b01) (build 1.8.0_152-release-1343-b01)
# Java VM: OpenJDK 64-Bit Server VM (25.152-b01 mixed mode windows-amd64 compressed oops)
# Failed to write core dump. Minidumps are not enabled by default on client versions of Windows
#

---------------  T H R E A D  ---------------

Current thread (0x0000000017053000):  JavaThread "C2 CompilerThread1" daemon [_thread_in_native, id=1248, stack(0x00000000187a0000,0x00000000188a0000)]

Stack: [0x00000000187a0000,0x00000000188a0000]
[error occurred during error reporting (printing stack bounds), id 0xc0000005]

Native frames: (J=compiled Java code, j=interpreted, Vv=VM code, C=native code)


Current CompileTask:
C2:  19469 2299       4       java.net.URLClassLoader$1::run (5 bytes)


---------------  P R O C E S S  ---------------

Java Threads: ( => current thread )
  0x000000001a16b000 JavaThread "Cache worker for execution history cache (C:\Users\Paf\.gradle\caches\5.1.1\executionHistory)" [_thread_blocked, id=11200, stack(0x0000000020b70000,0x0000000020c70000)]
  0x000000001a171000 JavaThread "Cache worker for cache directory md-rule (C:\Users\Paf\.gradle\caches\5.1.1\md-rule)" [_thread_blocked, id=10820, stack(0x000000001f1d0000,0x000000001f2d0000)]
  0x000000001a16d800 JavaThread "Cache worker for cache directory md-supplier (C:\Users\Paf\.gradle\caches\5.1.1\md-supplier)" [_thread_blocked, id=11692, stack(0x000000001ee30000,0x000000001ef30000)]
  0x000000001a16c800 JavaThread "Cache worker for file hash cache (C:\Users\Paf\Desktop\PP\Lab2\.gradle\5.1.1\fileHashes)" [_thread_blocked, id=5536, stack(0x000000001db60000,0x000000001dc60000)]
  0x000000001a16c000 JavaThread "Cache worker for journal cache (C:\Users\Paf\.gradle\caches\journal-1)" [_thread_blocked, id=2092, stack(0x000000001b7c0000,0x000000001b8c0000)]
  0x0000000018b8e800 JavaThread "File lock request listener" [_thread_in_native, id=9324, stack(0x000000001b6c0000,0x000000001b7c0000)]
  0x0000000018bdf000 JavaThread "Cache worker for file hash cache (C:\Users\Paf\.gradle\caches\5.1.1\fileHashes)" [_thread_blocked, id=2992, stack(0x000000001b5c0000,0x000000001b6c0000)]
  0x0000000019a53000 JavaThread "Thread-8" [_thread_blocked, id=4420, stack(0x000000001b4c0000,0x000000001b5c0000)]
  0x0000000019a52000 JavaThread "Stdin handler" [_thread_blocked, id=3260, stack(0x000000001b3c0000,0x000000001b4c0000)]
  0x0000000019b35000 JavaThread "Asynchronous log dispatcher for DefaultDaemonConnection: socket connection from /127.0.0.1:7883 to /127.0.0.1:7884" [_thread_blocked, id=3628, stack(0x000000001b2c0000,0x000000001b3c0000)]
  0x0000000019a54800 JavaThread "Daemon worker" [_thread_blocked, id=6012, stack(0x000000001b1c0000,0x000000001b2c0000)]
  0x0000000018b2a000 JavaThread "Cancel handler" [_thread_blocked, id=8072, stack(0x000000001b0c0000,0x000000001b1c0000)]
  0x00000000193bf800 JavaThread "Handler for socket connection from /127.0.0.1:7883 to /127.0.0.1:7884" [_thread_in_native, id=9384, stack(0x000000001adc0000,0x000000001aec0000)]
  0x00000000193bc800 JavaThread "Daemon" [_thread_blocked, id=7868, stack(0x000000001acc0000,0x000000001adc0000)]
  0x0000000018a4c800 JavaThread "Daemon periodic checks" [_thread_blocked, id=4948, stack(0x000000001abc0000,0x000000001acc0000)]
  0x0000000018a47800 JavaThread "Incoming local TCP Connector on port 7883" [_thread_in_native, id=10888, stack(0x000000001a970000,0x000000001aa70000)]
  0x00000000189ca800 JavaThread "Service Thread" daemon [_thread_blocked, id=8876, stack(0x0000000018da0000,0x0000000018ea0000)]
  0x000000001706a000 JavaThread "C1 CompilerThread2" daemon [_thread_blocked, id=7180, stack(0x00000000188a0000,0x00000000189a0000)]
=>0x0000000017053000 JavaThread "C2 CompilerThread1" daemon [_thread_in_native, id=1248, stack(0x00000000187a0000,0x00000000188a0000)]
  0x000000001704b000 JavaThread "C2 CompilerThread0" daemon [_thread_in_native, id=11176, stack(0x00000000186a0000,0x00000000187a0000)]
  0x0000000017048800 JavaThread "Attach Listener" daemon [_thread_blocked, id=7880, stack(0x00000000185a0000,0x00000000186a0000)]
  0x0000000017057000 JavaThread "Signal Dispatcher" daemon [_thread_blocked, id=10336, stack(0x00000000184a0000,0x00000000185a0000)]
  0x00000000036da000 JavaThread "Finalizer" daemon [_thread_blocked, id=2204, stack(0x00000000182a0000,0x00000000183a0000)]
  0x00000000036d1000 JavaThread "Reference Handler" daemon [_thread_blocked, id=4648, stack(0x00000000181a0000,0x00000000182a0000)]
  0x00000000035e2800 JavaThread "main" [_thread_blocked, id=4812, stack(0x00000000034e0000,0x00000000035e0000)]

Other Threads:
  0x0000000017016000 VMThread [stack: 0x00000000180a0000,0x00000000181a0000] [id=10424]
  0x00000000189cb800 WatcherThread [stack: 0x0000000018ea0000,0x0000000018fa0000] [id=7856]

VM state:at safepoint (normal execution)

VM Mutex/Monitor currently owned by a thread:  ([mutex/lock_event])
[0x000000000145d680] Threads_lock - owner thread: 0x0000000017016000
[0x000000000145cb00] Heap_lock - owner thread: 0x0000000019a54800

Heap:
 PSYoungGen      total 76800K, used 74487K [0x00000000e0000000, 0x00000000e8500000, 0x0000000100000000)
  eden space 66560K, 100% used [0x00000000e0000000,0x00000000e4100000,0x00000000e4100000)
  from space 10240K, 77% used [0x00000000e4100000,0x00000000e48bdc20,0x00000000e4b00000)
  to   space 10240K, 25% used [0x00000000e7b00000,0x00000000e7d98000,0x00000000e8500000)
 ParOldGen       total 54784K, used 7885K [0x00000000a0000000, 0x00000000a3580000, 0x00000000e0000000)
  object space 54784K, 14% used [0x00000000a0000000,0x00000000a07b3410,0x00000000a3580000)
 Metaspace       used 32210K, capacity 32692K, committed 32816K, reserved 1077248K
  class space    used 4435K, capacity 4654K, committed 4656K, reserved 1048576K

Card table byte_map: [0x0000000012aa0000,0x0000000012db0000] byte_map_base: 0x00000000125a0000

Marking Bits: (ParMarkBitMap*) 0x000000005daa5aa0
 Begin Bits: [0x00000000133b0000, 0x0000000014bb0000)
 End Bits:   [0x0000000014bb0000, 0x00000000163b0000)

Polling page: 0x0000000000fe0000

CodeCache: size=245760Kb used=8524Kb max_used=8524Kb free=237235Kb
 bounds [0x00000000036e0000, 0x0000000003f40000, 0x00000000126e0000]
 total_blobs=2860 nmethods=2181 adapters=592
 compilation: enabled

Compilation events (10 events):
Event: 19.370 Thread 0x000000001706a000 2368       1       java.util.regex.Pattern::flags (5 bytes)
Event: 19.370 Thread 0x000000001706a000 nmethod 2368 0x0000000003f18d50 code [0x0000000003f18ea0, 0x0000000003f18fb0]
Event: 19.371 Thread 0x000000001706a000 2371       3       java.util.regex.Pattern::range (279 bytes)
Event: 19.384 Thread 0x000000001706a000 nmethod 2371 0x0000000003f36bd0 code [0x0000000003f37080, 0x0000000003f39928]
Event: 19.389 Thread 0x000000001706a000 2372       3       com.google.common.collect.Hashing::closedTableSize (37 bytes)
Event: 19.390 Thread 0x000000001706a000 nmethod 2372 0x0000000003f187d0 code [0x0000000003f18960, 0x0000000003f18c68]
Event: 19.427 Thread 0x000000001706a000 2373  s    3       java.io.BufferedInputStream::read (113 bytes)
Event: 19.429 Thread 0x000000001706a000 nmethod 2373 0x0000000003f19f10 code [0x0000000003f1a0e0, 0x0000000003f1aa58]
Event: 19.438 Thread 0x000000001706a000 2378       3       java.io.WinNTFileSystem::resolve (231 bytes)
Event: 19.442 Thread 0x000000001706a000 nmethod 2378 0x0000000003f1c290 code [0x0000000003f1c560, 0x0000000003f1df48]

GC Heap History (10 events):
Event: 12.984 GC heap after
Heap after GC invocations=4 (full 0):
 PSYoungGen      total 38400K, used 5104K [0x00000000e0000000, 0x00000000e2a80000, 0x0000000100000000)
  eden space 33280K, 0% used [0x00000000e0000000,0x00000000e0000000,0x00000000e2080000)
  from space 5120K, 99% used [0x00000000e2580000,0x00000000e2a7c010,0x00000000e2a80000)
  to   space 5120K, 0% used [0x00000000e2080000,0x00000000e2080000,0x00000000e2580000)
 ParOldGen       total 87552K, used 5086K [0x00000000a0000000, 0x00000000a5580000, 0x00000000e0000000)
  object space 87552K, 5% used [0x00000000a0000000,0x00000000a04f79a0,0x00000000a5580000)
 Metaspace       used 16267K, capacity 16560K, committed 16896K, reserved 1062912K
  class space    used 2320K, capacity 2460K, committed 2560K, reserved 1048576K
}
Event: 14.533 GC heap before
{Heap before GC invocations=5 (full 0):
 PSYoungGen      total 38400K, used 38384K [0x00000000e0000000, 0x00000000e2a80000, 0x0000000100000000)
  eden space 33280K, 100% used [0x00000000e0000000,0x00000000e2080000,0x00000000e2080000)
  from space 5120K, 99% used [0x00000000e2580000,0x00000000e2a7c010,0x00000000e2a80000)
  to   space 5120K, 0% used [0x00000000e2080000,0x00000000e2080000,0x00000000e2580000)
 ParOldGen       total 87552K, used 5086K [0x00000000a0000000, 0x00000000a5580000, 0x00000000e0000000)
  object space 87552K, 5% used [0x00000000a0000000,0x00000000a04f79a0,0x00000000a5580000)
 Metaspace       used 19574K, capacity 20062K, committed 20224K, reserved 1067008K
  class space    used 2814K, capacity 2995K, committed 3072K, reserved 1048576K
Event: 14.561 GC heap after
Heap after GC invocations=5 (full 0):
 PSYoungGen      total 38400K, used 5108K [0x00000000e0000000, 0x00000000e5600000, 0x0000000100000000)
  eden space 33280K, 0% used [0x00000000e0000000,0x00000000e0000000,0x00000000e2080000)
  from space 5120K, 99% used [0x00000000e2080000,0x00000000e257d040,0x00000000e2580000)
  to   space 10752K, 0% used [0x00000000e4b80000,0x00000000e4b80000,0x00000000e5600000)
 ParOldGen       total 87552K, used 9110K [0x00000000a0000000, 0x00000000a5580000, 0x00000000e0000000)
  object space 87552K, 10% used [0x00000000a0000000,0x00000000a08e59e8,0x00000000a5580000)
 Metaspace       used 19574K, capacity 20062K, committed 20224K, reserved 1067008K
  class space    used 2814K, capacity 2995K, committed 3072K, reserved 1048576K
}
Event: 14.889 GC heap before
{Heap before GC invocations=6 (full 0):
 PSYoungGen      total 38400K, used 13174K [0x00000000e0000000, 0x00000000e5600000, 0x0000000100000000)
  eden space 33280K, 24% used [0x00000000e0000000,0x00000000e07e08b8,0x00000000e2080000)
  from space 5120K, 99% used [0x00000000e2080000,0x00000000e257d040,0x00000000e2580000)
  to   space 10752K, 0% used [0x00000000e4b80000,0x00000000e4b80000,0x00000000e5600000)
 ParOldGen       total 87552K, used 9110K [0x00000000a0000000, 0x00000000a5580000, 0x00000000e0000000)
  object space 87552K, 10% used [0x00000000a0000000,0x00000000a08e59e8,0x00000000a5580000)
 Metaspace       used 20781K, capacity 21246K, committed 21296K, reserved 1067008K
  class space    used 2903K, capacity 3091K, committed 3120K, reserved 1048576K
Event: 14.911 GC heap after
Heap after GC invocations=6 (full 0):
 PSYoungGen      total 76288K, used 6513K [0x00000000e0000000, 0x00000000e5500000, 0x0000000100000000)
  eden space 66560K, 0% used [0x00000000e0000000,0x00000000e0000000,0x00000000e4100000)
  from space 9728K, 66% used [0x00000000e4b80000,0x00000000e51dc6b0,0x00000000e5500000)
  to   space 10240K, 0% used [0x00000000e4100000,0x00000000e4100000,0x00000000e4b00000)
 ParOldGen       total 87552K, used 9118K [0x00000000a0000000, 0x00000000a5580000, 0x00000000e0000000)
  object space 87552K, 10% used [0x00000000a0000000,0x00000000a08e79e8,0x00000000a5580000)
 Metaspace       used 20781K, capacity 21246K, committed 21296K, reserved 1067008K
  class space    used 2903K, capacity 3091K, committed 3120K, reserved 1048576K
}
Event: 14.912 GC heap before
{Heap before GC invocations=7 (full 1):
 PSYoungGen      total 76288K, used 6513K [0x00000000e0000000, 0x00000000e5500000, 0x0000000100000000)
  eden space 66560K, 0% used [0x00000000e0000000,0x00000000e0000000,0x00000000e4100000)
  from space 9728K, 66% used [0x00000000e4b80000,0x00000000e51dc6b0,0x00000000e5500000)
  to   space 10240K, 0% used [0x00000000e4100000,0x00000000e4100000,0x00000000e4b00000)
 ParOldGen       total 87552K, used 9118K [0x00000000a0000000, 0x00000000a5580000, 0x00000000e0000000)
  object space 87552K, 10% used [0x00000000a0000000,0x00000000a08e79e8,0x00000000a5580000)
 Metaspace       used 20781K, capacity 21246K, committed 21296K, reserved 1067008K
  class space    used 2903K, capacity 3091K, committed 3120K, reserved 1048576K
Event: 15.023 GC heap after
Heap after GC invocations=7 (full 1):
 PSYoungGen      total 76288K, used 0K [0x00000000e0000000, 0x00000000e5500000, 0x0000000100000000)
  eden space 66560K, 0% used [0x00000000e0000000,0x00000000e0000000,0x00000000e4100000)
  from space 9728K, 0% used [0x00000000e4b80000,0x00000000e4b80000,0x00000000e5500000)
  to   space 10240K, 0% used [0x00000000e4100000,0x00000000e4100000,0x00000000e4b00000)
 ParOldGen       total 54784K, used 7877K [0x00000000a0000000, 0x00000000a3580000, 0x00000000e0000000)
  object space 54784K, 14% used [0x00000000a0000000,0x00000000a07b1410,0x00000000a3580000)
 Metaspace       used 20781K, capacity 21246K, committed 21296K, reserved 1067008K
  class space    used 2903K, capacity 3091K, committed 3120K, reserved 1048576K
}
Event: 17.612 GC heap before
{Heap before GC invocations=8 (full 1):
 PSYoungGen      total 76288K, used 66560K [0x00000000e0000000, 0x00000000e5500000, 0x0000000100000000)
  eden space 66560K, 100% used [0x00000000e0000000,0x00000000e4100000,0x00000000e4100000)
  from space 9728K, 0% used [0x00000000e4b80000,0x00000000e4b80000,0x00000000e5500000)
  to   space 10240K, 0% used [0x00000000e4100000,0x00000000e4100000,0x00000000e4b00000)
 ParOldGen       total 54784K, used 7877K [0x00000000a0000000, 0x00000000a3580000, 0x00000000e0000000)
  object space 54784K, 14% used [0x00000000a0000000,0x00000000a07b1410,0x00000000a3580000)
 Metaspace       used 28869K, capacity 29406K, committed 29744K, reserved 1075200K
  class space    used 3877K, capacity 4074K, committed 4144K, reserved 1048576K
Event: 17.637 GC heap after
Heap after GC invocations=8 (full 1):
 PSYoungGen      total 76800K, used 7927K [0x00000000e0000000, 0x00000000e8500000, 0x0000000100000000)
  eden space 66560K, 0% used [0x00000000e0000000,0x00000000e0000000,0x00000000e4100000)
  from space 10240K, 77% used [0x00000000e4100000,0x00000000e48bdc20,0x00000000e4b00000)
  to   space 10240K, 0% used [0x00000000e7b00000,0x00000000e7b00000,0x00000000e8500000)
 ParOldGen       total 54784K, used 7885K [0x00000000a0000000, 0x00000000a3580000, 0x00000000e0000000)
  object space 54784K, 14% used [0x00000000a0000000,0x00000000a07b3410,0x00000000a3580000)
 Metaspace       used 28869K, capacity 29406K, committed 29744K, reserved 1075200K
  class space    used 3877K, capacity 4074K, committed 4144K, reserved 1048576K
}
Event: 19.457 GC heap before
{Heap before GC invocations=9 (full 1):
 PSYoungGen      total 76800K, used 74487K [0x00000000e0000000, 0x00000000e8500000, 0x0000000100000000)
  eden space 66560K, 100% used [0x00000000e0000000,0x00000000e4100000,0x00000000e4100000)
  from space 10240K, 77% used [0x00000000e4100000,0x00000000e48bdc20,0x00000000e4b00000)
  to   space 10240K, 0% used [0x00000000e7b00000,0x00000000e7b00000,0x00000000e8500000)
 ParOldGen       total 54784K, used 7885K [0x00000000a0000000, 0x00000000a3580000, 0x00000000e0000000)
  object space 54784K, 14% used [0x00000000a0000000,0x00000000a07b3410,0x00000000a3580000)
 Metaspace       used 32210K, capacity 32692K, committed 32816K, reserved 1077248K
  class space    used 4435K, capacity 4654K, committed 4656K, reserved 1048576K

Deoptimization events (10 events):
Event: 15.870 Thread 0x0000000019a54800 Uncommon trap: reason=class_check action=maybe_recompile pc=0x0000000003c33888 method=sun.misc.URLClassPath.getLoader(I)Lsun/misc/URLClassPath$Loader; @ 239
Event: 15.900 Thread 0x0000000019a54800 Uncommon trap: reason=class_check action=maybe_recompile pc=0x0000000003c33888 method=sun.misc.URLClassPath.getLoader(I)Lsun/misc/URLClassPath$Loader; @ 239
Event: 16.521 Thread 0x0000000019a54800 Uncommon trap: reason=unstable_if action=reinterpret pc=0x0000000003b727a0 method=java.util.HashMap.hash(Ljava/lang/Object;)I @ 1
Event: 16.691 Thread 0x0000000019a54800 Uncommon trap: reason=unstable_if action=reinterpret pc=0x000000000396c7b8 method=java.util.HashMap.getNode(ILjava/lang/Object;)Ljava/util/HashMap$Node; @ 53
Event: 16.692 Thread 0x0000000019a54800 Uncommon trap: reason=unstable_if action=reinterpret pc=0x0000000003b4bdd0 method=java.util.HashMap.hash(Ljava/lang/Object;)I @ 1
Event: 16.692 Thread 0x0000000019a54800 Uncommon trap: reason=unstable_if action=reinterpret pc=0x0000000003b4c9d4 method=java.util.HashMap.putVal(ILjava/lang/Object;Ljava/lang/Object;ZZ)Ljava/lang/Object; @ 85
Event: 16.815 Thread 0x0000000019a54800 Uncommon trap: reason=unstable_if action=reinterpret pc=0x00000000039bedb0 method=java.util.LinkedHashMap.afterNodeInsertion(Z)V @ 1
Event: 17.366 Thread 0x0000000019a54800 Uncommon trap: reason=class_check action=maybe_recompile pc=0x0000000003c33774 method=sun.misc.URLClassPath.getLoader(I)Lsun/misc/URLClassPath$Loader; @ 94
Event: 17.640 Thread 0x00000000036d1000 Uncommon trap: reason=unstable_if action=reinterpret pc=0x0000000003977d78 method=java.lang.ref.Reference.tryHandlePending(Z)Z @ 104
Event: 17.728 Thread 0x0000000019a54800 Uncommon trap: reason=unstable_if action=reinterpret pc=0x000000000399154c method=java.io.WinNTFileSystem.resolve(Ljava/lang/String;Ljava/lang/String;)Ljava/lang/String; @ 49

Classes redefined (0 events):
No events

Internal exceptions (10 events):
Event: 17.945 Thread 0x0000000019a54800 Exception <a 'java/lang/ClassNotFoundException': org/gradle/api/internal/DefaultDomainObjectCollectionCustomizer> (0x00000000e0b4c0c0) thrown at [D:\src\AOSP-openjdk-cygwin\jdk8u\hotspot\src\share\vm\classfile\systemDictionary.cpp, line 210]
Event: 17.967 Thread 0x0000000019a54800 Exception <a 'java/lang/ClassNotFoundException': org/gradle/api/internal/DefaultNamedDomainObjectCollectionCustomizer> (0x00000000e0ba8978) thrown at [D:\src\AOSP-openjdk-cygwin\jdk8u\hotspot\src\share\vm\classfile\systemDictionary.cpp, line 210]
Event: 17.981 Thread 0x0000000019a54800 Exception <a 'java/lang/ClassNotFoundException': org/gradle/api/internal/DefaultNamedDomainObjectListCustomizer> (0x00000000e0c1da40) thrown at [D:\src\AOSP-openjdk-cygwin\jdk8u\hotspot\src\share\vm\classfile\systemDictionary.cpp, line 210]
Event: 17.988 Thread 0x0000000019a54800 Exception <a 'java/lang/ClassNotFoundException': org/gradle/api/internal/artifacts/DefaultArtifactRepositoryContainerCustomizer> (0x00000000e0c903a8) thrown at [D:\src\AOSP-openjdk-cygwin\jdk8u\hotspot\src\share\vm\classfile\systemDictionary.cpp, line 210
Event: 17.993 Thread 0x0000000019a54800 Exception <a 'java/lang/ClassNotFoundException': org/gradle/api/internal/artifacts/dsl/DefaultRepositoryHandlerCustomizer> (0x00000000e0cf51a0) thrown at [D:\src\AOSP-openjdk-cygwin\jdk8u\hotspot\src\share\vm\classfile\systemDictionary.cpp, line 210]
Event: 17.998 Thread 0x0000000019a54800 Exception <a 'java/lang/ClassNotFoundException': org/gradle/api/internal/artifacts/dsl/DefaultRepositoryHandler_DecoratedCustomizer> (0x00000000e0d62bb8) thrown at [D:\src\AOSP-openjdk-cygwin\jdk8u\hotspot\src\share\vm\classfile\systemDictionary.cpp, line
Event: 18.815 Thread 0x0000000019a54800 Exception <a 'java/lang/ClassNotFoundException': org/gradle/api/internal/artifacts/dsl/dependencies/DefaultDependencyHandler_DecoratedBeanInfo> (0x00000000e2b31348) thrown at [D:\src\AOSP-openjdk-cygwin\jdk8u\hotspot\src\share\vm\classfile\systemDictionar
Event: 18.818 Thread 0x0000000019a54800 Exception <a 'java/lang/ClassNotFoundException': org/gradle/api/internal/artifacts/dsl/dependencies/DefaultDependencyHandlerBeanInfo> (0x00000000e2b84fb8) thrown at [D:\src\AOSP-openjdk-cygwin\jdk8u\hotspot\src\share\vm\classfile\systemDictionary.cpp, lin
Event: 18.821 Thread 0x0000000019a54800 Exception <a 'java/lang/ClassNotFoundException': org/gradle/api/internal/artifacts/dsl/dependencies/DefaultDependencyHandlerCustomizer> (0x00000000e2bd9c18) thrown at [D:\src\AOSP-openjdk-cygwin\jdk8u\hotspot\src\share\vm\classfile\systemDictionary.cpp, l
Event: 18.828 Thread 0x0000000019a54800 Exception <a 'java/lang/ClassNotFoundException': org/gradle/api/internal/artifacts/dsl/dependencies/DefaultDependencyHandler_DecoratedCustomizer> (0x00000000e2c5c478) thrown at [D:\src\AOSP-openjdk-cygwin\jdk8u\hotspot\src\share\vm\classfile\systemDiction

Events (10 events):
Event: 19.451 loading class org/gradle/internal/snapshot/impl/AbstractIsolatableScalarValue done
Event: 19.452 loading class org/gradle/internal/snapshot/impl/AbstractScalarValueSnapshot
Event: 19.452 loading class org/gradle/internal/snapshot/impl/AbstractScalarValueSnapshot done
Event: 19.454 loading class org/gradle/internal/component/external/descriptor/MavenScope
Event: 19.454 loading class org/gradle/internal/component/external/descriptor/MavenScope done
Event: 19.456 loading class org/gradle/internal/component/external/model/maven/MavenDependencyType
Event: 19.456 loading class org/gradle/internal/component/external/model/maven/MavenDependencyType done
Event: 19.457 loading class org/gradle/internal/component/external/model/maven/MavenDependencyDescriptor
Event: 19.457 loading class org/gradle/internal/component/external/model/maven/MavenDependencyDescriptor done
Event: 19.457 Executing VM operation: ParallelGCFailedAllocation


Dynamic libraries:
0x00007ff63f920000 - 0x00007ff63f951000 	E:\Program\Android\Android Studio\jre\bin\java.exe
0x00007fff05d10000 - 0x00007fff05ef1000 	C:\Windows\SYSTEM32\ntdll.dll
0x00007fff05170000 - 0x00007fff05222000 	C:\Windows\System32\KERNEL32.DLL
0x00007fff02c20000 - 0x00007fff02e93000 	C:\Windows\System32\KERNELBASE.dll
0x00007fff04ec0000 - 0x00007fff04f61000 	C:\Windows\System32\ADVAPI32.dll
0x00007fff05420000 - 0x00007fff054be000 	C:\Windows\System32\msvcrt.dll
0x00007fff03a20000 - 0x00007fff03a7b000 	C:\Windows\System32\sechost.dll
0x00007fff05bb0000 - 0x00007fff05cd4000 	C:\Windows\System32\RPCRT4.dll
0x00007fff033e0000 - 0x00007fff03570000 	C:\Windows\System32\USER32.dll
0x00007fff02890000 - 0x00007fff028b0000 	C:\Windows\System32\win32u.dll
0x00007fff053f0000 - 0x00007fff05418000 	C:\Windows\System32\GDI32.dll
0x00007fff03000000 - 0x00007fff03192000 	C:\Windows\System32\gdi32full.dll
0x00007fff027f0000 - 0x00007fff0288f000 	C:\Windows\System32\msvcp_win.dll
0x00007fff02ea0000 - 0x00007fff02f98000 	C:\Windows\System32\ucrtbase.dll
0x00007ffef3fa0000 - 0x00007ffef4209000 	C:\Windows\WinSxS\amd64_microsoft.windows.common-controls_6595b64144ccf1df_6.0.17134.648_none_fb45a0e93062a6d2\COMCTL32.dll
0x00007fff05660000 - 0x00007fff05982000 	C:\Windows\System32\combase.dll
0x00007fff029b0000 - 0x00007fff02a2a000 	C:\Windows\System32\bcryptPrimitives.dll
0x00007fff05a60000 - 0x00007fff05a8d000 	C:\Windows\System32\IMM32.DLL
0x00007fff01dc0000 - 0x00007fff01f20000 	c:\progra~1\agnitum\outpos~1\wl_hoo~1.dll
0x00007fff03a80000 - 0x00007fff04ec0000 	C:\Windows\System32\SHELL32.dll
0x00007fff028b0000 - 0x00007fff028f9000 	C:\Windows\System32\cfgmgr32.dll
0x00007fff05b00000 - 0x00007fff05ba9000 	C:\Windows\System32\shcore.dll
0x00007fff020e0000 - 0x00007fff027ed000 	C:\Windows\System32\windows.storage.dll
0x00007fff052a0000 - 0x00007fff052f1000 	C:\Windows\System32\shlwapi.dll
0x00007fff02040000 - 0x00007fff02051000 	C:\Windows\System32\kernel.appcore.dll
0x00007fff02020000 - 0x00007fff0203f000 	C:\Windows\System32\profapi.dll
0x00007fff02080000 - 0x00007fff020cc000 	C:\Windows\System32\powrprof.dll
0x00007fff020d0000 - 0x00007fff020da000 	C:\Windows\System32\FLTLIB.DLL
0x000000005ceb0000 - 0x000000005cf82000 	E:\Program\Android\Android Studio\jre\jre\bin\msvcr100.dll
0x000000005d2e0000 - 0x000000005db21000 	E:\Program\Android\Android Studio\jre\jre\bin\server\jvm.dll
0x00007fff03260000 - 0x00007fff03268000 	C:\Windows\System32\PSAPI.DLL
0x00007ffef8e30000 - 0x00007ffef8e3a000 	C:\Windows\SYSTEM32\VERSION.dll
0x00007ffefed60000 - 0x00007ffefed83000 	C:\Windows\SYSTEM32\WINMM.dll
0x00007ffecaad0000 - 0x00007ffecaad9000 	C:\Windows\SYSTEM32\WSOCK32.dll
0x00007fff05230000 - 0x00007fff0529c000 	C:\Windows\System32\WS2_32.dll
0x00007ffefed30000 - 0x00007ffefed5a000 	C:\Windows\SYSTEM32\winmmbase.dll
0x00007ffefe910000 - 0x00007ffefe91f000 	E:\Program\Android\Android Studio\jre\jre\bin\verify.dll
0x00007ffefe8e0000 - 0x00007ffefe909000 	E:\Program\Android\Android Studio\jre\jre\bin\java.dll
0x00007ffefe8c0000 - 0x00007ffefe8d6000 	E:\Program\Android\Android Studio\jre\jre\bin\zip.dll
0x00007ffefe8a0000 - 0x00007ffefe8ba000 	E:\Program\Android\Android Studio\jre\jre\bin\net.dll
0x00007fff016e0000 - 0x00007fff01746000 	C:\Windows\system32\mswsock.dll
0x00007ffefe880000 - 0x00007ffefe891000 	E:\Program\Android\Android Studio\jre\jre\bin\nio.dll
0x00007ffefb8f0000 - 0x00007ffefb90e000 	C:\Users\Paf\.gradle\native\25\windows-amd64\native-platform.dll
0x00007ffefe870000 - 0x00007ffefe87d000 	E:\Program\Android\Android Studio\jre\jre\bin\management.dll
0x00007fff01890000 - 0x00007fff018a7000 	C:\Windows\SYSTEM32\CRYPTSP.dll
0x00007fff012c0000 - 0x00007fff012f3000 	C:\Windows\system32\rsaenh.dll
0x00007fff01a20000 - 0x00007fff01a45000 	C:\Windows\SYSTEM32\bcrypt.dll
0x00007fff01f50000 - 0x00007fff01f78000 	C:\Windows\SYSTEM32\USERENV.dll
0x00007fff018b0000 - 0x00007fff018bb000 	C:\Windows\SYSTEM32\CRYPTBASE.dll
0x00007fff01460000 - 0x00007fff01498000 	C:\Windows\SYSTEM32\IPHLPAPI.DLL
0x00007fff03270000 - 0x00007fff03278000 	C:\Windows\System32\NSI.dll
0x00007ffef4d60000 - 0x00007ffef4d76000 	C:\Windows\SYSTEM32\dhcpcsvc6.DLL
0x00007ffef5fe0000 - 0x00007ffef5ffa000 	C:\Windows\SYSTEM32\dhcpcsvc.DLL

VM Arguments:
jvm_args: -Xmx1536m -Dfile.encoding=windows-1251 -Duser.country=RU -Duser.language=ru -Duser.variant 
java_command: org.gradle.launcher.daemon.bootstrap.GradleDaemon 5.1.1
java_class_path (initial): C:\Users\Paf\.gradle\wrapper\dists\gradle-5.1.1-all\97z1ksx6lirer3kbvdnh7jtjg\gradle-5.1.1\lib\gradle-launcher-5.1.1.jar
Launcher Type: SUN_STANDARD

Environment Variables:
JAVA_HOME=E:\Program Files (x86)\jdk-11
PATH=E:\Program\Python37-32\Scripts\;E:\Program\Python37-32\;C:\Program Files (x86)\Common Files\Oracle\Java\javapath;C:\Windows\system32;C:\Windows;C:\Windows\System32\Wbem;C:\Windows\System32\WindowsPowerShell\v1.0\;C:\Program Files (x86)\ATI Technologies\ATI.ACE\Core-Static;C:\Windows\System32\OpenSSH\;E:\Program\Putty\;E:\Program\nodejs\;E:\Ruby24-x64\bin;C:\Users\Paf\AppData\Local\Microsoft\WindowsApps;E:\Program\apache-maven-3.5.4\bin;C:\Users\Paf\AppData\Local\GitHubDesktop\bin;C:\Users\Paf\AppData\Roaming\npm
USERNAME=Paf
OS=Windows_NT
PROCESSOR_IDENTIFIER=Intel64 Family 6 Model 58 Stepping 9, GenuineIntel



---------------  S Y S T E M  ---------------

OS: Windows 10.0 , 64 bit Build 17134 (10.0.17134.648)

CPU:total 4 (initial active 4) (2 cores per cpu, 2 threads per core) family 6 model 58 stepping 9, cmov, cx8, fxsr, mmx, sse, sse2, sse3, ssse3, sse4.1, sse4.2, popcnt, avx, aes, clmul, erms, ht, tsc, tscinvbit, tscinv

Memory: 4k page, physical 8271364k(1933340k free), swap 10222084k(4876k free)

vm_info: OpenJDK 64-Bit Server VM (25.152-b01) for windows-amd64 JRE (1.8.0_152-release-1343-b01), built by "builder" with MS VC++ 10.0 (VS2010)

time: Thu May 16 20:34:30 2019
elapsed time: 19 seconds (0d 0h 0m 19s)

